[INFO ] 07-12-2023 22:39:08 TestsRunner:62 - Executed 0 tests in 2 miliseconds. 0 tests failed.
[INFO ] 07-12-2023 22:39:08 TestsRunner:65 - All tests passed.
[INFO ] 07-12-2023 22:41:30 TestsRunner:62 - Executed 1 tests in 3 miliseconds. 0 tests failed.
[INFO ] 07-12-2023 22:41:30 TestsRunner:65 - All tests passed.
[INFO ] 09-12-2023 22:15:26 TestsRunner:62 - Executed 1 tests in 6 miliseconds. 0 tests failed.
[INFO ] 09-12-2023 22:15:26 TestsRunner:65 - All tests passed.
[ERROR] 09-12-2023 22:17:58 TestsRunner:37 - Unable to find class file for org.ufjf.ice.dcc.teste.debora.jogovida.logica.Aquario
[ERROR] 09-12-2023 22:17:58 TestsRunner:37 - Unable to find class file for org.ufjf.ice.dcc.teste.debora.jogovida.logica.Configuracoes
[ERROR] 09-12-2023 22:17:58 TestsRunner:37 - Unable to find class file for org.ufjf.ice.dcc.teste.debora.jogovida.logica.Jogo
[ERROR] 09-12-2023 22:17:58 TestsRunner:37 - Unable to find class file for org.ufjf.ice.dcc.teste.debora.jogovida.logica.Peixe
[ERROR] 09-12-2023 22:17:58 TestsRunner:37 - Unable to find class file for org.ufjf.ice.dcc.teste.debora.jogovida.logica.PeixeA
[ERROR] 09-12-2023 22:17:58 TestsRunner:37 - Unable to find class file for org.ufjf.ice.dcc.teste.debora.jogovida.logica.PeixeB
[ERROR] 09-12-2023 22:17:58 TestsRunner:37 - Unable to find class file for org.ufjf.ice.dcc.teste.debora.jogovida.logica.PosicaoAdjacente
[ERROR] 09-12-2023 22:17:58 TestsRunner:37 - Unable to find class file for org.ufjf.ice.dcc.teste.debora.jogovida.TrabalhoDCC168
[ERROR] 09-12-2023 22:17:58 TestsRunner:50 - Unable to find class file for test org.ufjf.ice.dcc.teste.debora.jogovida.test.AquarioTest
[INFO ] 09-12-2023 22:20:06 TestsRunner:62 - Executed 1 tests in 3 miliseconds. 0 tests failed.
[INFO ] 09-12-2023 22:20:06 TestsRunner:65 - All tests passed.
[INFO ] 09-12-2023 22:41:12 TestsRunner:62 - Executed 1 tests in 3 miliseconds. 0 tests failed.
[INFO ] 09-12-2023 22:41:12 TestsRunner:65 - All tests passed.
[INFO ] 09-12-2023 22:45:49 TestsRunner:62 - Executed 1 tests in 4 miliseconds. 0 tests failed.
[INFO ] 09-12-2023 22:45:49 TestsRunner:65 - All tests passed.
[INFO ] 09-12-2023 22:46:44 TestsRunner:62 - Executed 1 tests in 4 miliseconds. 0 tests failed.
[INFO ] 09-12-2023 22:46:44 TestsRunner:65 - All tests passed.
[INFO ] 09-12-2023 22:49:39 TestsRunner:62 - Executed 2 tests in 21747 miliseconds. 0 tests failed.
[INFO ] 09-12-2023 22:49:39 TestsRunner:65 - All tests passed.
[INFO ] 09-12-2023 22:52:09 TestsRunner:62 - Executed 1 tests in 4 miliseconds. 0 tests failed.
[INFO ] 09-12-2023 22:52:09 TestsRunner:65 - All tests passed.
[INFO ] 09-12-2023 22:54:44 TestsRunner:62 - Executed 1 tests in 3 miliseconds. 0 tests failed.
[INFO ] 09-12-2023 22:54:44 TestsRunner:65 - All tests passed.
[INFO ] 09-12-2023 22:55:12 TestsRunner:62 - Executed 1 tests in 5 miliseconds. 0 tests failed.
[INFO ] 09-12-2023 22:55:12 TestsRunner:65 - All tests passed.
[ERROR] 09-12-2023 22:55:59 TestsRunner:37 - Unable to find class file for testes.ClasseEquivalenciaInvalidaTeste
[ERROR] 09-12-2023 22:55:59 TestsRunner:37 - Unable to find class file for testes.ClassesEquivalenciaValidasTeste
[INFO ] 09-12-2023 22:56:15 TestsRunner:62 - Executed 2 tests in 15906 miliseconds. 0 tests failed.
[INFO ] 09-12-2023 22:56:15 TestsRunner:65 - All tests passed.
[INFO ] 09-12-2023 23:01:56 TestsRunner:62 - Executed 2 tests in 20840 miliseconds. 0 tests failed.
[INFO ] 09-12-2023 23:01:56 TestsRunner:65 - All tests passed.
[INFO ] 10-12-2023 00:37:00 TestsRunner:62 - Executed 3 tests in 2735 miliseconds. 0 tests failed.
[INFO ] 10-12-2023 00:37:00 TestsRunner:65 - All tests passed.
[INFO ] 10-12-2023 00:51:24 TestsRunner:62 - Executed 1 tests in 505767 miliseconds. 0 tests failed.
[INFO ] 10-12-2023 00:51:24 TestsRunner:65 - All tests passed.
[INFO ] 10-12-2023 00:55:05 TestsRunner:62 - Executed 2 tests in 7110 miliseconds. 0 tests failed.
[INFO ] 10-12-2023 00:55:05 TestsRunner:65 - All tests passed.
[INFO ] 10-12-2023 01:03:39 TestsRunner:62 - Executed 3 tests in 9130 miliseconds. 0 tests failed.
[INFO ] 10-12-2023 01:03:39 TestsRunner:65 - All tests passed.
[INFO ] 10-12-2023 01:08:02 TestsRunner:62 - Executed 4 tests in 10740 miliseconds. 0 tests failed.
[INFO ] 10-12-2023 01:08:02 TestsRunner:65 - All tests passed.
[INFO ] 10-12-2023 01:11:07 TestsRunner:62 - Executed 5 tests in 39872 miliseconds. 0 tests failed.
[INFO ] 10-12-2023 01:11:07 TestsRunner:65 - All tests passed.
[INFO ] 10-12-2023 01:14:05 TestsRunner:62 - Executed 6 tests in 40790 miliseconds. 0 tests failed.
[INFO ] 10-12-2023 01:14:06 TestsRunner:65 - All tests passed.
[INFO ] 10-12-2023 01:16:36 TestsRunner:62 - Executed 7 tests in 56580 miliseconds. 0 tests failed.
[INFO ] 10-12-2023 01:16:36 TestsRunner:65 - All tests passed.
